[35m[Appium][39m Welcome to Appium v1.22.3
[35m[Appium][39m Non-default server args:
[35m[Appium][39m   port: 62534
[35m[Appium][39m   loglevel: info
[35m[Appium][39m   tmpDir: /var/folders/1g/7rg69fxd5hl9z5hhd5v05brh0000gn/T//Katalon/Appium/Temp1661927292503
[35m[Appium][39m   chromedriverPort: 62535
[35m[Appium][39m Deprecated server args:
[35m[Appium][39m   [31m--chromedriver-port[39m => --default-capabilities
[35m[Appium][39m Default capabilities, which will be added to each request unless overridden by desired capabilities:
[35m[Appium][39m   chromedriverPort: 62535
[35m[Appium][39m Appium REST http interface listener started on 0.0.0.0:62534
[35m[HTTP][39m [37m-->[39m [37mGET[39m [37m/wd/hub/status[39m
[35m[HTTP][39m [90m{}[39m
[35m[HTTP][39m [37m<-- GET /wd/hub/status [39m[32m200[39m [90m3 ms - 68[39m
[35m[HTTP][39m [90m[39m
[35m[HTTP][39m [37m-->[39m [37mGET[39m [37m/wd/hub/status[39m
[35m[HTTP][39m [90m{}[39m
[35m[HTTP][39m [37m<-- GET /wd/hub/status [39m[32m200[39m [90m2 ms - 68[39m
[35m[HTTP][39m [90m[39m
[35m[HTTP][39m [37m-->[39m [37mPOST[39m [37m/wd/hub/session[39m
[35m[HTTP][39m [90m{"desiredCapabilities":{"appActivity":".Settings","appPackage":"com.android.settings","newCommandTimeout":1800,"platformVersion":"12","automationName":"uiautomator2","autoGrantPermissions":true,"platformName":"Android","udid":"emulator-5554","deviceName":"emulator-5554 (sdk_gphone64_arm64 - Android 12)","platform":"ANDROID","systemPort":8205},"capabilities":{"firstMatch":[{"appium:appActivity":".Settings","appium:appPackage":"com.android.settings","appium:autoGrantPermissions":true,"appium:automationName":"uiautomator2","appium:deviceName":"emulator-5554 (sdk_gphone64_arm64 - Android 12)","appium:newCommandTimeout":1800,"platform":"ANDROID","platformName":"android","appium:platformVersion":"12","appium:systemPort":8205,"appium:udid":"emulator-5554"}]}}[39m
[35m[BaseDriver][39m The following capabilities are not standard capabilities and should have an extension prefix:
[35m[BaseDriver][39m   platform
[35m[BaseDriver][39m   chromedriverPort
[35m[Appium][39m Appium v1.22.3 creating new AndroidUiautomator2Driver (v1.70.1) session
[35m[BaseDriver][39m The following capabilities were provided, but are not recognized by Appium:
[35m[BaseDriver][39m   platform
[35m[BaseDriver][39m Session created with session id: be9663c4-2b65-4fb7-bb12-c8f4a3ce1b23
[35m[UiAutomator2][39m Starting 'com.android.settings' directly on the device
[35m[ADB][39m Found 1 'build-tools' folders under '/Users/muafaaza/.katalon/tools/android_sdk' (newest first):
[35m[ADB][39m     /Users/muafaaza/.katalon/tools/android_sdk/build-tools/29.0.3
[35m[ADB][39m Using 'adb' from '/Users/muafaaza/.katalon/tools/android_sdk/platform-tools/adb'
[35m[AndroidDriver][39m Retrieving device list
[35m[AndroidDriver][39m Using device: emulator-5554
[35m[ADB][39m Using 'adb' from '/Users/muafaaza/.katalon/tools/android_sdk/platform-tools/adb'
[35m[ADB][39m Getting device platform version
[35m[UiAutomator2][39m Relaxing hidden api policy
[35m[AndroidDriver][39m No app sent in, not parsing package/activity
[35m[UiAutomator2][39m Server package at '/usr/local/lib/node_modules/appium/node_modules/appium-uiautomator2-server/apks/appium-uiautomator2-server-v4.27.0.apk' is not writeable. Will copy it into the temporary location at '/var/folders/1g/7rg69fxd5hl9z5hhd5v05brh0000gn/T/Katalon/Appium/Temp1661927292503/2022731-42779-dep186.fsg0i' as a workaround. Consider making this file writeable manually in order to improve the performance of session startup.
[35m[UiAutomator2][39m Server package at '/usr/local/lib/node_modules/appium/node_modules/appium-uiautomator2-server/apks/appium-uiautomator2-server-debug-androidTest.apk' is not writeable. Will copy it into the temporary location at '/var/folders/1g/7rg69fxd5hl9z5hhd5v05brh0000gn/T/Katalon/Appium/Temp1661927292503/2022731-42779-dep186.fsg0i' as a workaround. Consider making this file writeable manually in order to improve the performance of session startup.
[35m[ADB][39m Using 'apksigner.jar' from '/Users/muafaaza/.katalon/tools/android_sdk/build-tools/29.0.3/lib/apksigner.jar'
[35m[ADB][39m '/var/folders/1g/7rg69fxd5hl9z5hhd5v05brh0000gn/T/Katalon/Appium/Temp1661927292503/2022731-42779-dep186.fsg0i/appium-uiautomator2-server-v4.27.0.apk' is signed with the default certificate
[35m[ADB][39m '/var/folders/1g/7rg69fxd5hl9z5hhd5v05brh0000gn/T/Katalon/Appium/Temp1661927292503/2022731-42779-dep186.fsg0i/appium-uiautomator2-server-debug-androidTest.apk' is signed with the default certificate
[35m[UiAutomator2][39m Server packages are not going to be (re)installed
[35m[ADB][39m Adding packages ["io.appium.settings","io.appium.uiautomator2.server","io.appium.uiautomator2.server.test"] to Doze whitelist
[35m[UiAutomator2][39m Starting UIAutomator2 server 4.27.0
[35m[UiAutomator2][39m Using UIAutomator2 server from '/usr/local/lib/node_modules/appium/node_modules/appium-uiautomator2-server/apks/appium-uiautomator2-server-v4.27.0.apk' and test from '/usr/local/lib/node_modules/appium/node_modules/appium-uiautomator2-server/apks/appium-uiautomator2-server-debug-androidTest.apk'
[35m[UiAutomator2][39m Waiting up to 30000ms for UiAutomator2 to be online...
[35m[WD Proxy][39m socket hang up
[35m[WD Proxy][39m socket hang up
[35m[WD Proxy][39m Determined the downstream protocol as 'W3C'
[35m[AndroidDriver][39m Screen already unlocked, doing nothing
[35m[UiAutomator2][39m Starting 'com.android.settings/.Settings and waiting for 'com.android.settings/.Settings'
[35m[Appium][39m New AndroidUiautomator2Driver session created successfully, session be9663c4-2b65-4fb7-bb12-c8f4a3ce1b23 added to master session list
[35m[HTTP][39m [37m<-- POST /wd/hub/session [39m[32m200[39m [90m6038 ms - 1193[39m
[35m[HTTP][39m [90m[39m
[35m[HTTP][39m [37m-->[39m [37mGET[39m [37m/wd/hub/session/be9663c4-2b65-4fb7-bb12-c8f4a3ce1b23[39m
[35m[HTTP][39m [90m{}[39m
[35m[HTTP][39m [37m<-- GET /wd/hub/session/be9663c4-2b65-4fb7-bb12-c8f4a3ce1b23 [39m[32m200[39m [90m6 ms - 1147[39m
[35m[HTTP][39m [90m[39m
[35m[HTTP][39m [37m-->[39m [37mGET[39m [37m/wd/hub/session/be9663c4-2b65-4fb7-bb12-c8f4a3ce1b23[39m
[35m[HTTP][39m [90m{}[39m
[35m[HTTP][39m [37m<-- GET /wd/hub/session/be9663c4-2b65-4fb7-bb12-c8f4a3ce1b23 [39m[32m200[39m [90m8 ms - 1147[39m
[35m[HTTP][39m [90m[39m
[35m[HTTP][39m [37m-->[39m [37mGET[39m [37m/wd/hub/status[39m
[35m[HTTP][39m [90m{}[39m
[35m[HTTP][39m [37m<-- GET /wd/hub/status [39m[32m200[39m [90m1 ms - 68[39m
[35m[HTTP][39m [90m[39m
[35m[HTTP][39m [37m-->[39m [37mPOST[39m [37m/wd/hub/session/be9663c4-2b65-4fb7-bb12-c8f4a3ce1b23/timeouts[39m
[35m[HTTP][39m [90m{"implicit":60000}[39m
[35m[HTTP][39m [37m<-- POST /wd/hub/session/be9663c4-2b65-4fb7-bb12-c8f4a3ce1b23/timeouts [39m[32m200[39m [90m2 ms - 14[39m
[35m[HTTP][39m [90m[39m
[35m[HTTP][39m [37m-->[39m [37mGET[39m [37m/wd/hub/session/be9663c4-2b65-4fb7-bb12-c8f4a3ce1b23/screenshot[39m
[35m[HTTP][39m [90m{}[39m
[35m[HTTP][39m [37m<-- GET /wd/hub/session/be9663c4-2b65-4fb7-bb12-c8f4a3ce1b23/screenshot [39m[32m200[39m [90m175 ms - 173534[39m
[35m[HTTP][39m [90m[39m
[35m[HTTP][39m [37m-->[39m [37mGET[39m [37m/wd/hub/session/be9663c4-2b65-4fb7-bb12-c8f4a3ce1b23/window/rect[39m
[35m[HTTP][39m [90m{}[39m
[35m[HTTP][39m [37m<-- GET /wd/hub/session/be9663c4-2b65-4fb7-bb12-c8f4a3ce1b23/window/rect [39m[32m200[39m [90m16 ms - 50[39m
[35m[HTTP][39m [90m[39m
[35m[HTTP][39m [37m-->[39m [37mGET[39m [37m/wd/hub/session/be9663c4-2b65-4fb7-bb12-c8f4a3ce1b23/appium/device/system_bars[39m
[35m[HTTP][39m [90m{}[39m
[35m[HTTP][39m [37m<-- GET /wd/hub/session/be9663c4-2b65-4fb7-bb12-c8f4a3ce1b23/appium/device/system_bars [39m[32m200[39m [90m54 ms - 145[39m
[35m[HTTP][39m [90m[39m
[35m[HTTP][39m [37m-->[39m [37mPOST[39m [37m/wd/hub/session/be9663c4-2b65-4fb7-bb12-c8f4a3ce1b23/appium/device/activate_app[39m
[35m[HTTP][39m [90m{"bundleId":"com.sera.ibid"}[39m
[35m[HTTP][39m [37m<-- POST /wd/hub/session/be9663c4-2b65-4fb7-bb12-c8f4a3ce1b23/appium/device/activate_app [39m[32m200[39m [90m228 ms - 14[39m
[35m[HTTP][39m [90m[39m
[35m[HTTP][39m [37m-->[39m [37mGET[39m [37m/wd/hub/session/be9663c4-2b65-4fb7-bb12-c8f4a3ce1b23/source[39m
[35m[HTTP][39m [90m{}[39m
[35m[W3C (be9663c4)][39m Driver proxy active, passing request on via HTTP proxy
[35m[WD Proxy][39m Replacing sessionId 059c60f1-d86c-431f-b895-530d06c4f38d with be9663c4-2b65-4fb7-bb12-c8f4a3ce1b23
[35m[HTTP][39m [37m<-- GET /wd/hub/session/be9663c4-2b65-4fb7-bb12-c8f4a3ce1b23/source [39m[32m200[39m [90m564 ms - 3196[39m
[35m[HTTP][39m [90m[39m
[35m[HTTP][39m [37m-->[39m [37mGET[39m [37m/wd/hub/session/be9663c4-2b65-4fb7-bb12-c8f4a3ce1b23/screenshot[39m
[35m[HTTP][39m [90m{}[39m
[35m[HTTP][39m [37m<-- GET /wd/hub/session/be9663c4-2b65-4fb7-bb12-c8f4a3ce1b23/screenshot [39m[32m200[39m [90m131 ms - 20186[39m
[35m[HTTP][39m [90m[39m
[35m[HTTP][39m [37m-->[39m [37mGET[39m [37m/wd/hub/session/be9663c4-2b65-4fb7-bb12-c8f4a3ce1b23/source[39m
[35m[HTTP][39m [90m{}[39m
[35m[W3C (be9663c4)][39m Driver proxy active, passing request on via HTTP proxy
[35m[WD Proxy][39m Replacing sessionId 059c60f1-d86c-431f-b895-530d06c4f38d with be9663c4-2b65-4fb7-bb12-c8f4a3ce1b23
[35m[HTTP][39m [37m<-- GET /wd/hub/session/be9663c4-2b65-4fb7-bb12-c8f4a3ce1b23/source [39m[32m200[39m [90m83 ms - 20827[39m
[35m[HTTP][39m [90m[39m
[35m[HTTP][39m [37m-->[39m [37mGET[39m [37m/wd/hub/session/be9663c4-2b65-4fb7-bb12-c8f4a3ce1b23/screenshot[39m
[35m[HTTP][39m [90m{}[39m
[35m[HTTP][39m [37m<-- GET /wd/hub/session/be9663c4-2b65-4fb7-bb12-c8f4a3ce1b23/screenshot [39m[32m200[39m [90m178 ms - 251874[39m
[35m[HTTP][39m [90m[39m
[35m[HTTP][39m [37m-->[39m [37mPOST[39m [37m/wd/hub/session/be9663c4-2b65-4fb7-bb12-c8f4a3ce1b23/elements[39m
[35m[HTTP][39m [90m{"using":"xpath","value":"//*[@class = 'android.widget.EditText' and (@text = 'Email' or . = 'Email') and @resource-id = 'com.sera.ibid:id/et_login_email']"}[39m
[35m[HTTP][39m [37m<-- POST /wd/hub/session/be9663c4-2b65-4fb7-bb12-c8f4a3ce1b23/elements [39m[32m200[39m [90m150 ms - 139[39m
[35m[HTTP][39m [90m[39m
[35m[HTTP][39m [37m-->[39m [37mGET[39m [37m/wd/hub/session/be9663c4-2b65-4fb7-bb12-c8f4a3ce1b23/window/rect[39m
[35m[HTTP][39m [90m{}[39m
[35m[HTTP][39m [37m<-- GET /wd/hub/session/be9663c4-2b65-4fb7-bb12-c8f4a3ce1b23/window/rect [39m[32m200[39m [90m18 ms - 50[39m
[35m[HTTP][39m [90m[39m
[35m[HTTP][39m [37m-->[39m [37mPOST[39m [37m/wd/hub/session/be9663c4-2b65-4fb7-bb12-c8f4a3ce1b23/elements[39m
[35m[HTTP][39m [90m{"using":"xpath","value":"//*[@class = 'android.widget.EditText' and (@text = 'Email' or . = 'Email') and @resource-id = 'com.sera.ibid:id/et_login_email']"}[39m
[35m[HTTP][39m [37m<-- POST /wd/hub/session/be9663c4-2b65-4fb7-bb12-c8f4a3ce1b23/elements [39m[32m200[39m [90m41 ms - 139[39m
[35m[HTTP][39m [90m[39m
[35m[HTTP][39m [37m-->[39m [37mGET[39m [37m/wd/hub/session/be9663c4-2b65-4fb7-bb12-c8f4a3ce1b23/element/00000000-0000-0212-ffff-ffff0000001c/location[39m
[35m[HTTP][39m [90m{}[39m
[35m[W3C (be9663c4)][39m Driver proxy active, passing request on via HTTP proxy
[35m[WD Proxy][39m Replacing sessionId 059c60f1-d86c-431f-b895-530d06c4f38d with be9663c4-2b65-4fb7-bb12-c8f4a3ce1b23
[35m[HTTP][39m [37m<-- GET /wd/hub/session/be9663c4-2b65-4fb7-bb12-c8f4a3ce1b23/element/00000000-0000-0212-ffff-ffff0000001c/location [39m[32m200[39m [90m9 ms - 77[39m
[35m[HTTP][39m [90m[39m
[35m[HTTP][39m [37m-->[39m [37mPOST[39m [37m/wd/hub/session/be9663c4-2b65-4fb7-bb12-c8f4a3ce1b23/touch/perform[39m
[35m[HTTP][39m [90m{"actions":[{"action":"tap","options":{"x":1,"y":1,"element":"00000000-0000-0212-ffff-ffff0000001c"}}]}[39m
[35m[UiAutomator2][39m calling get location: 00000000-0000-0212-ffff-ffff0000001c
[35m[HTTP][39m [37m<-- POST /wd/hub/session/be9663c4-2b65-4fb7-bb12-c8f4a3ce1b23/touch/perform [39m[32m200[39m [90m167 ms - 14[39m
[35m[HTTP][39m [90m[39m
[35m[HTTP][39m [37m-->[39m [37mGET[39m [37m/wd/hub/session/be9663c4-2b65-4fb7-bb12-c8f4a3ce1b23/source[39m
[35m[HTTP][39m [90m{}[39m
[35m[W3C (be9663c4)][39m Driver proxy active, passing request on via HTTP proxy
[35m[WD Proxy][39m Replacing sessionId 059c60f1-d86c-431f-b895-530d06c4f38d with be9663c4-2b65-4fb7-bb12-c8f4a3ce1b23
[35m[HTTP][39m [37m<-- GET /wd/hub/session/be9663c4-2b65-4fb7-bb12-c8f4a3ce1b23/source [39m[32m200[39m [90m164 ms - 12976[39m
[35m[HTTP][39m [90m[39m
[35m[HTTP][39m [37m-->[39m [37mGET[39m [37m/wd/hub/session/be9663c4-2b65-4fb7-bb12-c8f4a3ce1b23/screenshot[39m
[35m[HTTP][39m [90m{}[39m
[35m[HTTP][39m [37m<-- GET /wd/hub/session/be9663c4-2b65-4fb7-bb12-c8f4a3ce1b23/screenshot [39m[32m200[39m [90m171 ms - 239424[39m
[35m[HTTP][39m [90m[39m
[35m[HTTP][39m [37m-->[39m [37mPOST[39m [37m/wd/hub/session/be9663c4-2b65-4fb7-bb12-c8f4a3ce1b23/elements[39m
[35m[HTTP][39m [90m{"using":"xpath","value":"//*[@class = 'android.widget.EditText' and (@text = 'Email' or . = 'Email') and @resource-id = 'com.sera.ibid:id/et_login_email']"}[39m
[35m[HTTP][39m [37m<-- POST /wd/hub/session/be9663c4-2b65-4fb7-bb12-c8f4a3ce1b23/elements [39m[32m200[39m [90m44 ms - 139[39m
[35m[HTTP][39m [90m[39m
[35m[HTTP][39m [37m-->[39m [37mGET[39m [37m/wd/hub/session/be9663c4-2b65-4fb7-bb12-c8f4a3ce1b23/window/rect[39m
[35m[HTTP][39m [90m{}[39m
[35m[HTTP][39m [37m<-- GET /wd/hub/session/be9663c4-2b65-4fb7-bb12-c8f4a3ce1b23/window/rect [39m[32m200[39m [90m9 ms - 50[39m
[35m[HTTP][39m [90m[39m
[35m[HTTP][39m [37m-->[39m [37mPOST[39m [37m/wd/hub/session/be9663c4-2b65-4fb7-bb12-c8f4a3ce1b23/elements[39m
[35m[HTTP][39m [90m{"using":"xpath","value":"//*[@class = 'android.widget.EditText' and (@text = 'Email' or . = 'Email') and @resource-id = 'com.sera.ibid:id/et_login_email']"}[39m
[35m[HTTP][39m [37m<-- POST /wd/hub/session/be9663c4-2b65-4fb7-bb12-c8f4a3ce1b23/elements [39m[32m200[39m [90m49 ms - 139[39m
[35m[HTTP][39m [90m[39m
[35m[HTTP][39m [37m-->[39m [37mGET[39m [37m/wd/hub/session/be9663c4-2b65-4fb7-bb12-c8f4a3ce1b23/element/00000000-0000-0212-ffff-ffff0000001c/location[39m
[35m[HTTP][39m [90m{}[39m
[35m[W3C (be9663c4)][39m Driver proxy active, passing request on via HTTP proxy
[35m[WD Proxy][39m Replacing sessionId 059c60f1-d86c-431f-b895-530d06c4f38d with be9663c4-2b65-4fb7-bb12-c8f4a3ce1b23
[35m[HTTP][39m [37m<-- GET /wd/hub/session/be9663c4-2b65-4fb7-bb12-c8f4a3ce1b23/element/00000000-0000-0212-ffff-ffff0000001c/location [39m[32m200[39m [90m9 ms - 77[39m
[35m[HTTP][39m [90m[39m
[35m[HTTP][39m [37m-->[39m [37mPOST[39m [37m/wd/hub/session/be9663c4-2b65-4fb7-bb12-c8f4a3ce1b23/element/00000000-0000-0212-ffff-ffff0000001c/clear[39m
[35m[HTTP][39m [90m{"id":"00000000-0000-0212-ffff-ffff0000001c"}[39m
[35m[HTTP][39m [37m<-- POST /wd/hub/session/be9663c4-2b65-4fb7-bb12-c8f4a3ce1b23/element/00000000-0000-0212-ffff-ffff0000001c/clear [39m[32m200[39m [90m11 ms - 14[39m
[35m[HTTP][39m [90m[39m
[35m[HTTP][39m [37m-->[39m [37mPOST[39m [37m/wd/hub/session/be9663c4-2b65-4fb7-bb12-c8f4a3ce1b23/element/00000000-0000-0212-ffff-ffff0000001c/value[39m
[35m[HTTP][39m [90m{"id":"00000000-0000-0212-ffff-ffff0000001c","text":"muafailham@gmail.com","value":["m","u","a","f","a","i","l","h","a","m","@","g","m","a","i","l",".","c","o","m"]}[39m
[35m[HTTP][39m [37m<-- POST /wd/hub/session/be9663c4-2b65-4fb7-bb12-c8f4a3ce1b23/element/00000000-0000-0212-ffff-ffff0000001c/value [39m[32m200[39m [90m1268 ms - 14[39m
[35m[HTTP][39m [90m[39m
[35m[HTTP][39m [37m-->[39m [37mGET[39m [37m/wd/hub/session/be9663c4-2b65-4fb7-bb12-c8f4a3ce1b23/source[39m
[35m[HTTP][39m [90m{}[39m
[35m[W3C (be9663c4)][39m Driver proxy active, passing request on via HTTP proxy
[35m[WD Proxy][39m Replacing sessionId 059c60f1-d86c-431f-b895-530d06c4f38d with be9663c4-2b65-4fb7-bb12-c8f4a3ce1b23
[35m[HTTP][39m [37m<-- GET /wd/hub/session/be9663c4-2b65-4fb7-bb12-c8f4a3ce1b23/source [39m[32m200[39m [90m68 ms - 12551[39m
[35m[HTTP][39m [90m[39m
[35m[HTTP][39m [37m-->[39m [37mGET[39m [37m/wd/hub/session/be9663c4-2b65-4fb7-bb12-c8f4a3ce1b23/screenshot[39m
[35m[HTTP][39m [90m{}[39m
[35m[HTTP][39m [37m<-- GET /wd/hub/session/be9663c4-2b65-4fb7-bb12-c8f4a3ce1b23/screenshot [39m[32m200[39m [90m175 ms - 250250[39m
[35m[HTTP][39m [90m[39m
[35m[HTTP][39m [37m-->[39m [37mPOST[39m [37m/wd/hub/session/be9663c4-2b65-4fb7-bb12-c8f4a3ce1b23/elements[39m
[35m[HTTP][39m [90m{"using":"xpath","value":"//*[@class = 'android.widget.EditText' and (@text = 'Password' or . = 'Password') and @resource-id = 'com.sera.ibid:id/et_password_login']"}[39m
[35m[HTTP][39m [37m<-- POST /wd/hub/session/be9663c4-2b65-4fb7-bb12-c8f4a3ce1b23/elements [39m[32m200[39m [90m70 ms - 139[39m
[35m[HTTP][39m [90m[39m
[35m[HTTP][39m [37m-->[39m [37mGET[39m [37m/wd/hub/session/be9663c4-2b65-4fb7-bb12-c8f4a3ce1b23/window/rect[39m
[35m[HTTP][39m [90m{}[39m
[35m[HTTP][39m [37m<-- GET /wd/hub/session/be9663c4-2b65-4fb7-bb12-c8f4a3ce1b23/window/rect [39m[32m200[39m [90m4 ms - 50[39m
[35m[HTTP][39m [90m[39m
[35m[HTTP][39m [37m-->[39m [37mPOST[39m [37m/wd/hub/session/be9663c4-2b65-4fb7-bb12-c8f4a3ce1b23/elements[39m
[35m[HTTP][39m [90m{"using":"xpath","value":"//*[@class = 'android.widget.EditText' and (@text = 'Password' or . = 'Password') and @resource-id = 'com.sera.ibid:id/et_password_login']"}[39m
[35m[HTTP][39m [37m<-- POST /wd/hub/session/be9663c4-2b65-4fb7-bb12-c8f4a3ce1b23/elements [39m[32m200[39m [90m35 ms - 139[39m
[35m[HTTP][39m [90m[39m
[35m[HTTP][39m [37m-->[39m [37mGET[39m [37m/wd/hub/session/be9663c4-2b65-4fb7-bb12-c8f4a3ce1b23/element/00000000-0000-0212-ffff-ffff00000029/location[39m
[35m[HTTP][39m [90m{}[39m
[35m[W3C (be9663c4)][39m Driver proxy active, passing request on via HTTP proxy
[35m[WD Proxy][39m Replacing sessionId 059c60f1-d86c-431f-b895-530d06c4f38d with be9663c4-2b65-4fb7-bb12-c8f4a3ce1b23
[35m[HTTP][39m [37m<-- GET /wd/hub/session/be9663c4-2b65-4fb7-bb12-c8f4a3ce1b23/element/00000000-0000-0212-ffff-ffff00000029/location [39m[32m200[39m [90m7 ms - 77[39m
[35m[HTTP][39m [90m[39m
[35m[HTTP][39m [37m-->[39m [37mPOST[39m [37m/wd/hub/session/be9663c4-2b65-4fb7-bb12-c8f4a3ce1b23/touch/perform[39m
[35m[HTTP][39m [90m{"actions":[{"action":"tap","options":{"x":1,"y":1,"element":"00000000-0000-0212-ffff-ffff00000029"}}]}[39m
[35m[UiAutomator2][39m calling get location: 00000000-0000-0212-ffff-ffff00000029
[35m[HTTP][39m [37m<-- POST /wd/hub/session/be9663c4-2b65-4fb7-bb12-c8f4a3ce1b23/touch/perform [39m[32m200[39m [90m175 ms - 14[39m
[35m[HTTP][39m [90m[39m
[35m[HTTP][39m [37m-->[39m [37mGET[39m [37m/wd/hub/session/be9663c4-2b65-4fb7-bb12-c8f4a3ce1b23/source[39m
[35m[HTTP][39m [90m{}[39m
[35m[W3C (be9663c4)][39m Driver proxy active, passing request on via HTTP proxy
[35m[WD Proxy][39m Replacing sessionId 059c60f1-d86c-431f-b895-530d06c4f38d with be9663c4-2b65-4fb7-bb12-c8f4a3ce1b23
[35m[HTTP][39m [37m<-- GET /wd/hub/session/be9663c4-2b65-4fb7-bb12-c8f4a3ce1b23/source [39m[32m200[39m [90m61 ms - 12991[39m
[35m[HTTP][39m [90m[39m
[35m[HTTP][39m [37m-->[39m [37mGET[39m [37m/wd/hub/session/be9663c4-2b65-4fb7-bb12-c8f4a3ce1b23/screenshot[39m
[35m[HTTP][39m [90m{}[39m
[35m[HTTP][39m [37m<-- GET /wd/hub/session/be9663c4-2b65-4fb7-bb12-c8f4a3ce1b23/screenshot [39m[32m200[39m [90m205 ms - 227658[39m
[35m[HTTP][39m [90m[39m
[35m[HTTP][39m [37m-->[39m [37mPOST[39m [37m/wd/hub/session/be9663c4-2b65-4fb7-bb12-c8f4a3ce1b23/elements[39m
[35m[HTTP][39m [90m{"using":"xpath","value":"//*[@class = 'android.widget.EditText' and (@text = 'Password' or . = 'Password') and @resource-id = 'com.sera.ibid:id/et_password_login']"}[39m
[35m[HTTP][39m [37m<-- POST /wd/hub/session/be9663c4-2b65-4fb7-bb12-c8f4a3ce1b23/elements [39m[32m200[39m [90m39 ms - 139[39m
[35m[HTTP][39m [90m[39m
[35m[HTTP][39m [37m-->[39m [37mGET[39m [37m/wd/hub/session/be9663c4-2b65-4fb7-bb12-c8f4a3ce1b23/window/rect[39m
[35m[HTTP][39m [90m{}[39m
[35m[HTTP][39m [37m<-- GET /wd/hub/session/be9663c4-2b65-4fb7-bb12-c8f4a3ce1b23/window/rect [39m[32m200[39m [90m9 ms - 50[39m
[35m[HTTP][39m [90m[39m
[35m[HTTP][39m [37m-->[39m [37mPOST[39m [37m/wd/hub/session/be9663c4-2b65-4fb7-bb12-c8f4a3ce1b23/elements[39m
[35m[HTTP][39m [90m{"using":"xpath","value":"//*[@class = 'android.widget.EditText' and (@text = 'Password' or . = 'Password') and @resource-id = 'com.sera.ibid:id/et_password_login']"}[39m
[35m[HTTP][39m [37m<-- POST /wd/hub/session/be9663c4-2b65-4fb7-bb12-c8f4a3ce1b23/elements [39m[32m200[39m [90m50 ms - 139[39m
[35m[HTTP][39m [90m[39m
[35m[HTTP][39m [37m-->[39m [37mGET[39m [37m/wd/hub/session/be9663c4-2b65-4fb7-bb12-c8f4a3ce1b23/element/00000000-0000-0212-ffff-ffff00000029/location[39m
[35m[HTTP][39m [90m{}[39m
[35m[W3C (be9663c4)][39m Driver proxy active, passing request on via HTTP proxy
[35m[WD Proxy][39m Replacing sessionId 059c60f1-d86c-431f-b895-530d06c4f38d with be9663c4-2b65-4fb7-bb12-c8f4a3ce1b23
[35m[HTTP][39m [37m<-- GET /wd/hub/session/be9663c4-2b65-4fb7-bb12-c8f4a3ce1b23/element/00000000-0000-0212-ffff-ffff00000029/location [39m[32m200[39m [90m9 ms - 77[39m
[35m[HTTP][39m [90m[39m
[35m[HTTP][39m [37m-->[39m [37mPOST[39m [37m/wd/hub/session/be9663c4-2b65-4fb7-bb12-c8f4a3ce1b23/element/00000000-0000-0212-ffff-ffff00000029/clear[39m
[35m[HTTP][39m [90m{"id":"00000000-0000-0212-ffff-ffff00000029"}[39m
[35m[HTTP][39m [37m<-- POST /wd/hub/session/be9663c4-2b65-4fb7-bb12-c8f4a3ce1b23/element/00000000-0000-0212-ffff-ffff00000029/clear [39m[32m200[39m [90m15 ms - 14[39m
[35m[HTTP][39m [90m[39m
[35m[HTTP][39m [37m-->[39m [37mPOST[39m [37m/wd/hub/session/be9663c4-2b65-4fb7-bb12-c8f4a3ce1b23/element/00000000-0000-0212-ffff-ffff00000029/value[39m
[35m[HTTP][39m [90m{"id":"00000000-0000-0212-ffff-ffff00000029","text":"123ASDzxc","value":["1","2","3","A","S","D","z","x","c"]}[39m
[35m[HTTP][39m [37m<-- POST /wd/hub/session/be9663c4-2b65-4fb7-bb12-c8f4a3ce1b23/element/00000000-0000-0212-ffff-ffff00000029/value [39m[32m200[39m [90m1263 ms - 14[39m
[35m[HTTP][39m [90m[39m
[35m[HTTP][39m [37m-->[39m [37mGET[39m [37m/wd/hub/session/be9663c4-2b65-4fb7-bb12-c8f4a3ce1b23/source[39m
[35m[HTTP][39m [90m{}[39m
[35m[W3C (be9663c4)][39m Driver proxy active, passing request on via HTTP proxy
[35m[WD Proxy][39m Replacing sessionId 059c60f1-d86c-431f-b895-530d06c4f38d with be9663c4-2b65-4fb7-bb12-c8f4a3ce1b23
[35m[HTTP][39m [37m<-- GET /wd/hub/session/be9663c4-2b65-4fb7-bb12-c8f4a3ce1b23/source [39m[32m200[39m [90m70 ms - 12551[39m
[35m[HTTP][39m [90m[39m
[35m[HTTP][39m [37m-->[39m [37mGET[39m [37m/wd/hub/session/be9663c4-2b65-4fb7-bb12-c8f4a3ce1b23/screenshot[39m
[35m[HTTP][39m [90m{}[39m
[35m[HTTP][39m [37m<-- GET /wd/hub/session/be9663c4-2b65-4fb7-bb12-c8f4a3ce1b23/screenshot [39m[32m200[39m [90m191 ms - 228298[39m
[35m[HTTP][39m [90m[39m
[35m[HTTP][39m [37m-->[39m [37mGET[39m [37m/wd/hub/session/be9663c4-2b65-4fb7-bb12-c8f4a3ce1b23/context[39m
[35m[HTTP][39m [90m{}[39m
[35m[HTTP][39m [37m<-- GET /wd/hub/session/be9663c4-2b65-4fb7-bb12-c8f4a3ce1b23/context [39m[32m200[39m [90m1 ms - 22[39m
[35m[HTTP][39m [90m[39m
[35m[HTTP][39m [37m-->[39m [37mGET[39m [37m/wd/hub/session/be9663c4-2b65-4fb7-bb12-c8f4a3ce1b23/contexts[39m
[35m[HTTP][39m [90m{}[39m
[35m[HTTP][39m [37m<-- GET /wd/hub/session/be9663c4-2b65-4fb7-bb12-c8f4a3ce1b23/contexts [39m[32m200[39m [90m71 ms - 24[39m
[35m[HTTP][39m [90m[39m
[35m[HTTP][39m [37m-->[39m [37mPOST[39m [37m/wd/hub/session/be9663c4-2b65-4fb7-bb12-c8f4a3ce1b23/context[39m
[35m[HTTP][39m [90m{"name":"NATIVE_APP"}[39m
[35m[HTTP][39m [37m<-- POST /wd/hub/session/be9663c4-2b65-4fb7-bb12-c8f4a3ce1b23/context [39m[32m200[39m [90m2 ms - 14[39m
[35m[HTTP][39m [90m[39m
[35m[HTTP][39m [37m-->[39m [37mPOST[39m [37m/wd/hub/session/be9663c4-2b65-4fb7-bb12-c8f4a3ce1b23/appium/device/hide_keyboard[39m
[35m[HTTP][39m [90m{}[39m
[35m[HTTP][39m [37m<-- POST /wd/hub/session/be9663c4-2b65-4fb7-bb12-c8f4a3ce1b23/appium/device/hide_keyboard [39m[32m200[39m [90m1399 ms - 14[39m
[35m[HTTP][39m [90m[39m
[35m[HTTP][39m [37m-->[39m [37mPOST[39m [37m/wd/hub/session/be9663c4-2b65-4fb7-bb12-c8f4a3ce1b23/context[39m
[35m[HTTP][39m [90m{"name":"NATIVE_APP"}[39m
[35m[HTTP][39m [37m<-- POST /wd/hub/session/be9663c4-2b65-4fb7-bb12-c8f4a3ce1b23/context [39m[32m200[39m [90m8 ms - 14[39m
[35m[HTTP][39m [90m[39m
[35m[HTTP][39m [37m-->[39m [37mGET[39m [37m/wd/hub/session/be9663c4-2b65-4fb7-bb12-c8f4a3ce1b23/source[39m
[35m[HTTP][39m [90m{}[39m
[35m[W3C (be9663c4)][39m Driver proxy active, passing request on via HTTP proxy
[35m[WD Proxy][39m Replacing sessionId 059c60f1-d86c-431f-b895-530d06c4f38d with be9663c4-2b65-4fb7-bb12-c8f4a3ce1b23
[35m[HTTP][39m [37m<-- GET /wd/hub/session/be9663c4-2b65-4fb7-bb12-c8f4a3ce1b23/source [39m[32m200[39m [90m60 ms - 20841[39m
[35m[HTTP][39m [90m[39m
[35m[HTTP][39m [37m-->[39m [37mGET[39m [37m/wd/hub/session/be9663c4-2b65-4fb7-bb12-c8f4a3ce1b23/screenshot[39m
[35m[HTTP][39m [90m{}[39m
[35m[HTTP][39m [37m<-- GET /wd/hub/session/be9663c4-2b65-4fb7-bb12-c8f4a3ce1b23/screenshot [39m[32m200[39m [90m144 ms - 261190[39m
[35m[HTTP][39m [90m[39m
[35m[HTTP][39m [37m-->[39m [37mPOST[39m [37m/wd/hub/session/be9663c4-2b65-4fb7-bb12-c8f4a3ce1b23/elements[39m
[35m[HTTP][39m [90m{"using":"xpath","value":"//*[@class = 'android.widget.RelativeLayout' and @resource-id = 'com.sera.ibid:id/btn_login' and (@text = '' or . = '')]"}[39m
[35m[HTTP][39m [37m<-- POST /wd/hub/session/be9663c4-2b65-4fb7-bb12-c8f4a3ce1b23/elements [39m[32m200[39m [90m98 ms - 139[39m
[35m[HTTP][39m [90m[39m
[35m[HTTP][39m [37m-->[39m [37mGET[39m [37m/wd/hub/session/be9663c4-2b65-4fb7-bb12-c8f4a3ce1b23/window/rect[39m
[35m[HTTP][39m [90m{}[39m
[35m[HTTP][39m [37m<-- GET /wd/hub/session/be9663c4-2b65-4fb7-bb12-c8f4a3ce1b23/window/rect [39m[32m200[39m [90m12 ms - 50[39m
[35m[HTTP][39m [90m[39m
[35m[HTTP][39m [37m-->[39m [37mPOST[39m [37m/wd/hub/session/be9663c4-2b65-4fb7-bb12-c8f4a3ce1b23/elements[39m
[35m[HTTP][39m [90m{"using":"xpath","value":"//*[@class = 'android.widget.RelativeLayout' and @resource-id = 'com.sera.ibid:id/btn_login' and (@text = '' or . = '')]"}[39m
[35m[HTTP][39m [37m<-- POST /wd/hub/session/be9663c4-2b65-4fb7-bb12-c8f4a3ce1b23/elements [39m[32m200[39m [90m42 ms - 139[39m
[35m[HTTP][39m [90m[39m
[35m[HTTP][39m [37m-->[39m [37mGET[39m [37m/wd/hub/session/be9663c4-2b65-4fb7-bb12-c8f4a3ce1b23/element/00000000-0000-0212-ffff-ffff0000003b/location[39m
[35m[HTTP][39m [90m{}[39m
[35m[W3C (be9663c4)][39m Driver proxy active, passing request on via HTTP proxy
[35m[WD Proxy][39m Replacing sessionId 059c60f1-d86c-431f-b895-530d06c4f38d with be9663c4-2b65-4fb7-bb12-c8f4a3ce1b23
[35m[HTTP][39m [37m<-- GET /wd/hub/session/be9663c4-2b65-4fb7-bb12-c8f4a3ce1b23/element/00000000-0000-0212-ffff-ffff0000003b/location [39m[32m200[39m [90m14 ms - 78[39m
[35m[HTTP][39m [90m[39m
[35m[HTTP][39m [37m-->[39m [37mPOST[39m [37m/wd/hub/session/be9663c4-2b65-4fb7-bb12-c8f4a3ce1b23/touch/perform[39m
[35m[HTTP][39m [90m{"actions":[{"action":"tap","options":{"x":1,"y":1,"element":"00000000-0000-0212-ffff-ffff0000003b"}}]}[39m
[35m[UiAutomator2][39m calling get location: 00000000-0000-0212-ffff-ffff0000003b
[35m[HTTP][39m [37m<-- POST /wd/hub/session/be9663c4-2b65-4fb7-bb12-c8f4a3ce1b23/touch/perform [39m[32m200[39m [90m164 ms - 14[39m
[35m[HTTP][39m [90m[39m
[35m[HTTP][39m [37m-->[39m [37mGET[39m [37m/wd/hub/session/be9663c4-2b65-4fb7-bb12-c8f4a3ce1b23/source[39m
[35m[HTTP][39m [90m{}[39m
[35m[W3C (be9663c4)][39m Driver proxy active, passing request on via HTTP proxy
[35m[WD Proxy][39m Replacing sessionId 059c60f1-d86c-431f-b895-530d06c4f38d with be9663c4-2b65-4fb7-bb12-c8f4a3ce1b23
[35m[HTTP][39m [37m<-- GET /wd/hub/session/be9663c4-2b65-4fb7-bb12-c8f4a3ce1b23/source [39m[32m200[39m [90m14 ms - 2272[39m
[35m[HTTP][39m [90m[39m
[35m[HTTP][39m [37m-->[39m [37mGET[39m [37m/wd/hub/session/be9663c4-2b65-4fb7-bb12-c8f4a3ce1b23/screenshot[39m
[35m[HTTP][39m [90m{}[39m
[35m[HTTP][39m [37m<-- GET /wd/hub/session/be9663c4-2b65-4fb7-bb12-c8f4a3ce1b23/screenshot [39m[32m200[39m [90m204 ms - 251572[39m
[35m[HTTP][39m [90m[39m
[35m[HTTP][39m [37m-->[39m [37mDELETE[39m [37m/wd/hub/session/be9663c4-2b65-4fb7-bb12-c8f4a3ce1b23[39m
[35m[HTTP][39m [90m{}[39m
[35m[Appium][39m Removing session be9663c4-2b65-4fb7-bb12-c8f4a3ce1b23 from our master session list
[35m[UiAutomator2][39m Restoring hidden api policy to the device default configuration
[35m[HTTP][39m [37m<-- DELETE /wd/hub/session/be9663c4-2b65-4fb7-bb12-c8f4a3ce1b23 [39m[32m200[39m [90m194 ms - 14[39m
[35m[HTTP][39m [90m[39m
